<?xml version="1.0" encoding="UTF-8"?>
<!-- Generated by org.testng.reporters.JUnitReportReporter -->
<testsuite hostname="WKSPUN05GTR0522" failures="0" tests="1" name="curaDataDriven2.curaDataDriven2.AppTest" time="20.530" errors="0" timestamp="2025-05-12T17:51:01 IST" skipped="0">
  <testcase classname="curaDataDriven2.curaDataDriven2.AppTest" name="f" time="20.530"/>
</testsuite> <!-- curaDataDriven2.curaDataDriven2.AppTest -->
